<?xml version="1.0" encoding="utf-8"?>
<TestRun id="39aab337-ce81-41dd-935a-fcef0ac5b28b" name="@kogn 2019-11-14 14:40:56" xmlns="http://microsoft.com/schemas/VisualStudio/TeamTest/2010">
  <Times creation="2019-11-14T14:40:56.3544315+01:00" queuing="2019-11-14T14:40:56.3544316+01:00" start="2019-11-14T14:40:54.7536412+01:00" finish="2019-11-14T14:40:56.3792151+01:00" />
  <TestSettings name="default" id="2bdca52e-bf03-40ce-8448-2d9639891c85">
    <Deployment runDeploymentRoot="_kogn_2019-11-14_14_40_56" />
  </TestSettings>
  <Results>
    <UnitTestResult executionId="cb069ef0-6a49-4918-a6b0-634c7569b51a" testId="4392970b-2c5e-a0b1-6846-ba5d05aa49d8" testName="StacklServiceTests.CommentControllerTest.GetPost_InvalidId_NotFound" computerName="kogn" duration="00:00:00.0597896" startTime="2019-11-14T14:40:56.1225330+01:00" endTime="2019-11-14T14:40:56.1226406+01:00" testType="13cdc9d9-ddb5-4fa4-a97d-d965ccfc6d4b" outcome="Failed" testListId="8c84fa94-04c1-424b-9868-57a2d4851a1d" relativeResultsDirectory="cb069ef0-6a49-4918-a6b0-634c7569b51a">
      <Output>
        <ErrorInfo>
          <Message>System.NullReferenceException : Object reference not set to an instance of an object.</Message>
        </ErrorInfo>
      </Output>
    </UnitTestResult>
    <UnitTestResult executionId="7eb38f17-8763-4345-9c99-184ac2553f0e" testId="05f7c260-64b9-b72c-9ad6-e47dbb32ff84" testName="StacklServiceTests.CommentControllerTest.PostPost_ValidPost_Created" computerName="kogn" duration="00:00:00.0102809" startTime="2019-11-14T14:40:56.1400077+01:00" endTime="2019-11-14T14:40:56.1400086+01:00" testType="13cdc9d9-ddb5-4fa4-a97d-d965ccfc6d4b" outcome="Failed" testListId="8c84fa94-04c1-424b-9868-57a2d4851a1d" relativeResultsDirectory="7eb38f17-8763-4345-9c99-184ac2553f0e">
      <Output>
        <ErrorInfo>
          <Message>System.NullReferenceException : Object reference not set to an instance of an object.</Message>
        </ErrorInfo>
      </Output>
    </UnitTestResult>
  </Results>
  <TestDefinitions>
    <UnitTest name="StacklServiceTests.CommentControllerTest.PostPost_ValidPost_Created" storage="/home/kristian/ruc/portfolio/subproject2/stackl/stacklservicetests/bin/debug/netcoreapp3.0/stacklservicetests.dll" id="05f7c260-64b9-b72c-9ad6-e47dbb32ff84">
      <Execution id="7eb38f17-8763-4345-9c99-184ac2553f0e" />
      <TestMethod codeBase="/home/kristian/ruc/portfolio/subproject2/stackl/StacklServiceTests/bin/Debug/netcoreapp3.0/StacklServiceTests.dll" adapterTypeName="executor://xunit/VsTestRunner2/netcoreapp" className="StacklServiceTests.CommentControllerTest" name="StacklServiceTests.CommentControllerTest.PostPost_ValidPost_Created" />
    </UnitTest>
    <UnitTest name="StacklServiceTests.CommentControllerTest.GetPost_InvalidId_NotFound" storage="/home/kristian/ruc/portfolio/subproject2/stackl/stacklservicetests/bin/debug/netcoreapp3.0/stacklservicetests.dll" id="4392970b-2c5e-a0b1-6846-ba5d05aa49d8">
      <Execution id="cb069ef0-6a49-4918-a6b0-634c7569b51a" />
      <TestMethod codeBase="/home/kristian/ruc/portfolio/subproject2/stackl/StacklServiceTests/bin/Debug/netcoreapp3.0/StacklServiceTests.dll" adapterTypeName="executor://xunit/VsTestRunner2/netcoreapp" className="StacklServiceTests.CommentControllerTest" name="StacklServiceTests.CommentControllerTest.GetPost_InvalidId_NotFound" />
    </UnitTest>
  </TestDefinitions>
  <TestEntries>
    <TestEntry testId="4392970b-2c5e-a0b1-6846-ba5d05aa49d8" executionId="cb069ef0-6a49-4918-a6b0-634c7569b51a" testListId="8c84fa94-04c1-424b-9868-57a2d4851a1d" />
    <TestEntry testId="05f7c260-64b9-b72c-9ad6-e47dbb32ff84" executionId="7eb38f17-8763-4345-9c99-184ac2553f0e" testListId="8c84fa94-04c1-424b-9868-57a2d4851a1d" />
  </TestEntries>
  <TestLists>
    <TestList name="Results Not in a List" id="8c84fa94-04c1-424b-9868-57a2d4851a1d" />
    <TestList name="All Loaded Results" id="19431567-8539-422a-85d7-44ee4e166bda" />
  </TestLists>
  <ResultSummary outcome="Failed">
    <Counters total="2" executed="2" passed="0" failed="2" error="0" timeout="0" aborted="0" inconclusive="0" passedButRunAborted="0" notRunnable="0" notExecuted="0" disconnected="0" warning="0" completed="0" inProgress="0" pending="0" />
    <Output>
      <StdOut>[xUnit.net 00:00:00.00] xUnit.net VSTest Adapter v2.4.1 (64-bit .NET Core 3.0.0)
[xUnit.net 00:00:00.61]   Discovering: StacklServiceTests
[xUnit.net 00:00:00.64]   Discovered:  StacklServiceTests
[xUnit.net 00:00:00.65]   Starting:    StacklServiceTests
[xUnit.net 00:00:00.80]       System.NullReferenceException : Object reference not set to an instance of an object.
[xUnit.net 00:00:00.82]       System.NullReferenceException : Object reference not set to an instance of an object.
[xUnit.net 00:00:00.82]   Finished:    StacklServiceTests
</StdOut>
    </Output>
    <RunInfos>
      <RunInfo computerName="kogn" outcome="Error" timestamp="2019-11-14T14:40:56.1179855+01:00">
        <Text>[xUnit.net 00:00:00.79]     StacklServiceTests.CommentControllerTest.GetPost_InvalidId_NotFound [FAIL]</Text>
      </RunInfo>
      <RunInfo computerName="kogn" outcome="Error" timestamp="2019-11-14T14:40:56.1698880+01:00">
        <Text>[xUnit.net 00:00:00.82]     StacklServiceTests.CommentControllerTest.PostPost_ValidPost_Created [FAIL]</Text>
      </RunInfo>
    </RunInfos>
  </ResultSummary>
</TestRun>