<?xml version="1.0" encoding="utf-8"?>
<TestRun id="8588647c-f656-479f-a439-be3d54c85a39" name="@kogn 2019-11-14 14:38:53" xmlns="http://microsoft.com/schemas/VisualStudio/TeamTest/2010">
  <Times creation="2019-11-14T14:38:53.2978749+01:00" queuing="2019-11-14T14:38:53.2978751+01:00" start="2019-11-14T14:38:51.6971719+01:00" finish="2019-11-14T14:38:53.3181058+01:00" />
  <TestSettings name="default" id="90839a58-6813-4c91-b634-a84ab0bce177">
    <Deployment runDeploymentRoot="_kogn_2019-11-14_14_38_53" />
  </TestSettings>
  <Results>
    <UnitTestResult executionId="3ecab92c-ba0c-475d-834d-4a3ba48abe37" testId="4392970b-2c5e-a0b1-6846-ba5d05aa49d8" testName="StacklServiceTests.CommentControllerTest.GetPost_InvalidId_NotFound" computerName="kogn" duration="00:00:00.0290786" startTime="2019-11-14T14:38:53.0851873+01:00" endTime="2019-11-14T14:38:53.0853003+01:00" testType="13cdc9d9-ddb5-4fa4-a97d-d965ccfc6d4b" outcome="Failed" testListId="8c84fa94-04c1-424b-9868-57a2d4851a1d" relativeResultsDirectory="3ecab92c-ba0c-475d-834d-4a3ba48abe37">
      <Output>
        <ErrorInfo>
          <Message>System.NullReferenceException : Object reference not set to an instance of an object.</Message>
        </ErrorInfo>
      </Output>
    </UnitTestResult>
    <UnitTestResult executionId="45d95660-ad2d-4bb0-acf5-3de79d5f6dda" testId="05f7c260-64b9-b72c-9ad6-e47dbb32ff84" testName="StacklServiceTests.CommentControllerTest.PostPost_ValidPost_Created" computerName="kogn" duration="00:00:00.0112228" startTime="2019-11-14T14:38:53.0941700+01:00" endTime="2019-11-14T14:38:53.0941711+01:00" testType="13cdc9d9-ddb5-4fa4-a97d-d965ccfc6d4b" outcome="Failed" testListId="8c84fa94-04c1-424b-9868-57a2d4851a1d" relativeResultsDirectory="45d95660-ad2d-4bb0-acf5-3de79d5f6dda">
      <Output>
        <ErrorInfo>
          <Message>System.NullReferenceException : Object reference not set to an instance of an object.</Message>
        </ErrorInfo>
      </Output>
    </UnitTestResult>
  </Results>
  <TestDefinitions>
    <UnitTest name="StacklServiceTests.CommentControllerTest.PostPost_ValidPost_Created" storage="/home/kristian/ruc/portfolio/subproject2/stackl/stacklservicetests/bin/debug/netcoreapp3.0/stacklservicetests.dll" id="05f7c260-64b9-b72c-9ad6-e47dbb32ff84">
      <Execution id="45d95660-ad2d-4bb0-acf5-3de79d5f6dda" />
      <TestMethod codeBase="/home/kristian/ruc/portfolio/subproject2/stackl/StacklServiceTests/bin/Debug/netcoreapp3.0/StacklServiceTests.dll" adapterTypeName="executor://xunit/VsTestRunner2/netcoreapp" className="StacklServiceTests.CommentControllerTest" name="StacklServiceTests.CommentControllerTest.PostPost_ValidPost_Created" />
    </UnitTest>
    <UnitTest name="StacklServiceTests.CommentControllerTest.GetPost_InvalidId_NotFound" storage="/home/kristian/ruc/portfolio/subproject2/stackl/stacklservicetests/bin/debug/netcoreapp3.0/stacklservicetests.dll" id="4392970b-2c5e-a0b1-6846-ba5d05aa49d8">
      <Execution id="3ecab92c-ba0c-475d-834d-4a3ba48abe37" />
      <TestMethod codeBase="/home/kristian/ruc/portfolio/subproject2/stackl/StacklServiceTests/bin/Debug/netcoreapp3.0/StacklServiceTests.dll" adapterTypeName="executor://xunit/VsTestRunner2/netcoreapp" className="StacklServiceTests.CommentControllerTest" name="StacklServiceTests.CommentControllerTest.GetPost_InvalidId_NotFound" />
    </UnitTest>
  </TestDefinitions>
  <TestEntries>
    <TestEntry testId="4392970b-2c5e-a0b1-6846-ba5d05aa49d8" executionId="3ecab92c-ba0c-475d-834d-4a3ba48abe37" testListId="8c84fa94-04c1-424b-9868-57a2d4851a1d" />
    <TestEntry testId="05f7c260-64b9-b72c-9ad6-e47dbb32ff84" executionId="45d95660-ad2d-4bb0-acf5-3de79d5f6dda" testListId="8c84fa94-04c1-424b-9868-57a2d4851a1d" />
  </TestEntries>
  <TestLists>
    <TestList name="Results Not in a List" id="8c84fa94-04c1-424b-9868-57a2d4851a1d" />
    <TestList name="All Loaded Results" id="19431567-8539-422a-85d7-44ee4e166bda" />
  </TestLists>
  <ResultSummary outcome="Failed">
    <Counters total="2" executed="2" passed="0" failed="2" error="0" timeout="0" aborted="0" inconclusive="0" passedButRunAborted="0" notRunnable="0" notExecuted="0" disconnected="0" warning="0" completed="0" inProgress="0" pending="0" />
    <Output>
      <StdOut>[xUnit.net 00:00:00.00] xUnit.net VSTest Adapter v2.4.1 (64-bit .NET Core 3.0.0)
[xUnit.net 00:00:00.65]   Discovering: StacklServiceTests
[xUnit.net 00:00:00.69]   Discovered:  StacklServiceTests
[xUnit.net 00:00:00.69]   Starting:    StacklServiceTests
[xUnit.net 00:00:00.87]       System.NullReferenceException : Object reference not set to an instance of an object.
[xUnit.net 00:00:00.88]       System.NullReferenceException : Object reference not set to an instance of an object.
[xUnit.net 00:00:00.90]   Finished:    StacklServiceTests
</StdOut>
    </Output>
    <RunInfos>
      <RunInfo computerName="kogn" outcome="Error" timestamp="2019-11-14T14:38:53.0828019+01:00">
        <Text>[xUnit.net 00:00:00.86]     StacklServiceTests.CommentControllerTest.GetPost_InvalidId_NotFound [FAIL]</Text>
      </RunInfo>
      <RunInfo computerName="kogn" outcome="Error" timestamp="2019-11-14T14:38:53.1259140+01:00">
        <Text>[xUnit.net 00:00:00.88]     StacklServiceTests.CommentControllerTest.PostPost_ValidPost_Created [FAIL]</Text>
      </RunInfo>
    </RunInfos>
  </ResultSummary>
</TestRun>