<?xml version="1.0" encoding="utf-8"?>
<TestRun id="6fd0cd23-585f-44fa-83ce-019e1cd0aa62" name="@kogn 2019-11-14 14:40:31" xmlns="http://microsoft.com/schemas/VisualStudio/TeamTest/2010">
  <Times creation="2019-11-14T14:40:31.7049276+01:00" queuing="2019-11-14T14:40:31.7049277+01:00" start="2019-11-14T14:40:30.1267776+01:00" finish="2019-11-14T14:40:31.7272668+01:00" />
  <TestSettings name="default" id="7044ddaa-e77a-437a-aa1f-986f577f91f4">
    <Deployment runDeploymentRoot="_kogn_2019-11-14_14_40_31" />
  </TestSettings>
  <Results>
    <UnitTestResult executionId="b3900b8a-55b1-4c1a-80fe-f5a221fda3a9" testId="4392970b-2c5e-a0b1-6846-ba5d05aa49d8" testName="StacklServiceTests.CommentControllerTest.GetPost_InvalidId_NotFound" computerName="kogn" duration="00:00:00.0805976" startTime="2019-11-14T14:40:31.5098657+01:00" endTime="2019-11-14T14:40:31.5099798+01:00" testType="13cdc9d9-ddb5-4fa4-a97d-d965ccfc6d4b" outcome="Failed" testListId="8c84fa94-04c1-424b-9868-57a2d4851a1d" relativeResultsDirectory="b3900b8a-55b1-4c1a-80fe-f5a221fda3a9">
      <Output>
        <ErrorInfo>
          <Message>System.NullReferenceException : Object reference not set to an instance of an object.</Message>
        </ErrorInfo>
      </Output>
    </UnitTestResult>
    <UnitTestResult executionId="6f33b251-4acc-465c-8b07-db34cbec8000" testId="05f7c260-64b9-b72c-9ad6-e47dbb32ff84" testName="StacklServiceTests.CommentControllerTest.PostPost_ValidPost_Created" computerName="kogn" duration="00:00:00.0114445" startTime="2019-11-14T14:40:31.5329337+01:00" endTime="2019-11-14T14:40:31.5329351+01:00" testType="13cdc9d9-ddb5-4fa4-a97d-d965ccfc6d4b" outcome="Failed" testListId="8c84fa94-04c1-424b-9868-57a2d4851a1d" relativeResultsDirectory="6f33b251-4acc-465c-8b07-db34cbec8000">
      <Output>
        <ErrorInfo>
          <Message>System.NullReferenceException : Object reference not set to an instance of an object.</Message>
        </ErrorInfo>
      </Output>
    </UnitTestResult>
  </Results>
  <TestDefinitions>
    <UnitTest name="StacklServiceTests.CommentControllerTest.PostPost_ValidPost_Created" storage="/home/kristian/ruc/portfolio/subproject2/stackl/stacklservicetests/bin/debug/netcoreapp3.0/stacklservicetests.dll" id="05f7c260-64b9-b72c-9ad6-e47dbb32ff84">
      <Execution id="6f33b251-4acc-465c-8b07-db34cbec8000" />
      <TestMethod codeBase="/home/kristian/ruc/portfolio/subproject2/stackl/StacklServiceTests/bin/Debug/netcoreapp3.0/StacklServiceTests.dll" adapterTypeName="executor://xunit/VsTestRunner2/netcoreapp" className="StacklServiceTests.CommentControllerTest" name="StacklServiceTests.CommentControllerTest.PostPost_ValidPost_Created" />
    </UnitTest>
    <UnitTest name="StacklServiceTests.CommentControllerTest.GetPost_InvalidId_NotFound" storage="/home/kristian/ruc/portfolio/subproject2/stackl/stacklservicetests/bin/debug/netcoreapp3.0/stacklservicetests.dll" id="4392970b-2c5e-a0b1-6846-ba5d05aa49d8">
      <Execution id="b3900b8a-55b1-4c1a-80fe-f5a221fda3a9" />
      <TestMethod codeBase="/home/kristian/ruc/portfolio/subproject2/stackl/StacklServiceTests/bin/Debug/netcoreapp3.0/StacklServiceTests.dll" adapterTypeName="executor://xunit/VsTestRunner2/netcoreapp" className="StacklServiceTests.CommentControllerTest" name="StacklServiceTests.CommentControllerTest.GetPost_InvalidId_NotFound" />
    </UnitTest>
  </TestDefinitions>
  <TestEntries>
    <TestEntry testId="4392970b-2c5e-a0b1-6846-ba5d05aa49d8" executionId="b3900b8a-55b1-4c1a-80fe-f5a221fda3a9" testListId="8c84fa94-04c1-424b-9868-57a2d4851a1d" />
    <TestEntry testId="05f7c260-64b9-b72c-9ad6-e47dbb32ff84" executionId="6f33b251-4acc-465c-8b07-db34cbec8000" testListId="8c84fa94-04c1-424b-9868-57a2d4851a1d" />
  </TestEntries>
  <TestLists>
    <TestList name="Results Not in a List" id="8c84fa94-04c1-424b-9868-57a2d4851a1d" />
    <TestList name="All Loaded Results" id="19431567-8539-422a-85d7-44ee4e166bda" />
  </TestLists>
  <ResultSummary outcome="Failed">
    <Counters total="2" executed="2" passed="0" failed="2" error="0" timeout="0" aborted="0" inconclusive="0" passedButRunAborted="0" notRunnable="0" notExecuted="0" disconnected="0" warning="0" completed="0" inProgress="0" pending="0" />
    <Output>
      <StdOut>[xUnit.net 00:00:00.00] xUnit.net VSTest Adapter v2.4.1 (64-bit .NET Core 3.0.0)
[xUnit.net 00:00:00.63]   Discovering: StacklServiceTests
[xUnit.net 00:00:00.67]   Discovered:  StacklServiceTests
[xUnit.net 00:00:00.67]   Starting:    StacklServiceTests
[xUnit.net 00:00:00.85]       System.NullReferenceException : Object reference not set to an instance of an object.
[xUnit.net 00:00:00.87]       System.NullReferenceException : Object reference not set to an instance of an object.
[xUnit.net 00:00:00.88]   Finished:    StacklServiceTests
</StdOut>
    </Output>
    <RunInfos>
      <RunInfo computerName="kogn" outcome="Error" timestamp="2019-11-14T14:40:31.4996714+01:00">
        <Text>[xUnit.net 00:00:00.84]     StacklServiceTests.CommentControllerTest.GetPost_InvalidId_NotFound [FAIL]</Text>
      </RunInfo>
      <RunInfo computerName="kogn" outcome="Error" timestamp="2019-11-14T14:40:31.5310855+01:00">
        <Text>[xUnit.net 00:00:00.87]     StacklServiceTests.CommentControllerTest.PostPost_ValidPost_Created [FAIL]</Text>
      </RunInfo>
    </RunInfos>
  </ResultSummary>
</TestRun>