<?xml version="1.0" encoding="utf-8"?>
<TestRun id="e86d2724-7060-47d1-a550-22bd5bcae8db" name="@kogn 2019-11-14 15:00:35" xmlns="http://microsoft.com/schemas/VisualStudio/TeamTest/2010">
  <Times creation="2019-11-14T15:00:35.4715315+01:00" queuing="2019-11-14T15:00:35.4715316+01:00" start="2019-11-14T15:00:34.0718067+01:00" finish="2019-11-14T15:00:35.4930744+01:00" />
  <TestSettings name="default" id="c47ef221-6e09-4d51-9727-33d0970db02c">
    <Deployment runDeploymentRoot="_kogn_2019-11-14_15_00_35" />
  </TestSettings>
  <Results>
    <UnitTestResult executionId="93651aa9-87fe-4f34-aacc-22c07cbf3a89" testId="05f7c260-64b9-b72c-9ad6-e47dbb32ff84" testName="StacklServiceTests.CommentControllerTest.PostPost_ValidPost_Created" computerName="kogn" duration="00:00:00.0010000" startTime="2019-11-14T15:00:35.3174083+01:00" endTime="2019-11-14T15:00:35.3174093+01:00" testType="13cdc9d9-ddb5-4fa4-a97d-d965ccfc6d4b" outcome="Failed" testListId="8c84fa94-04c1-424b-9868-57a2d4851a1d" relativeResultsDirectory="93651aa9-87fe-4f34-aacc-22c07cbf3a89">
      <Output>
        <ErrorInfo>
          <Message>System.NullReferenceException : Object reference not set to an instance of an object.</Message>
        </ErrorInfo>
      </Output>
    </UnitTestResult>
    <UnitTestResult executionId="3685782f-16a9-46d9-82c9-0e2ff66e6c0f" testId="4392970b-2c5e-a0b1-6846-ba5d05aa49d8" testName="StacklServiceTests.CommentControllerTest.GetPost_InvalidId_NotFound" computerName="kogn" duration="00:00:00.0010000" startTime="2019-11-14T15:00:35.3109630+01:00" endTime="2019-11-14T15:00:35.3110651+01:00" testType="13cdc9d9-ddb5-4fa4-a97d-d965ccfc6d4b" outcome="Failed" testListId="8c84fa94-04c1-424b-9868-57a2d4851a1d" relativeResultsDirectory="3685782f-16a9-46d9-82c9-0e2ff66e6c0f">
      <Output>
        <ErrorInfo>
          <Message>System.NullReferenceException : Object reference not set to an instance of an object.</Message>
        </ErrorInfo>
      </Output>
    </UnitTestResult>
  </Results>
  <TestDefinitions>
    <UnitTest name="StacklServiceTests.CommentControllerTest.PostPost_ValidPost_Created" storage="/home/kristian/ruc/portfolio/subproject2/stackl/stacklservicetests/bin/debug/netcoreapp3.0/stacklservicetests.dll" id="05f7c260-64b9-b72c-9ad6-e47dbb32ff84">
      <Execution id="93651aa9-87fe-4f34-aacc-22c07cbf3a89" />
      <TestMethod codeBase="/home/kristian/ruc/portfolio/subproject2/stackl/StacklServiceTests/bin/Debug/netcoreapp3.0/StacklServiceTests.dll" adapterTypeName="executor://xunit/VsTestRunner2/netcoreapp" className="StacklServiceTests.CommentControllerTest" name="StacklServiceTests.CommentControllerTest.PostPost_ValidPost_Created" />
    </UnitTest>
    <UnitTest name="StacklServiceTests.CommentControllerTest.GetPost_InvalidId_NotFound" storage="/home/kristian/ruc/portfolio/subproject2/stackl/stacklservicetests/bin/debug/netcoreapp3.0/stacklservicetests.dll" id="4392970b-2c5e-a0b1-6846-ba5d05aa49d8">
      <Execution id="3685782f-16a9-46d9-82c9-0e2ff66e6c0f" />
      <TestMethod codeBase="/home/kristian/ruc/portfolio/subproject2/stackl/StacklServiceTests/bin/Debug/netcoreapp3.0/StacklServiceTests.dll" adapterTypeName="executor://xunit/VsTestRunner2/netcoreapp" className="StacklServiceTests.CommentControllerTest" name="StacklServiceTests.CommentControllerTest.GetPost_InvalidId_NotFound" />
    </UnitTest>
  </TestDefinitions>
  <TestEntries>
    <TestEntry testId="05f7c260-64b9-b72c-9ad6-e47dbb32ff84" executionId="93651aa9-87fe-4f34-aacc-22c07cbf3a89" testListId="8c84fa94-04c1-424b-9868-57a2d4851a1d" />
    <TestEntry testId="4392970b-2c5e-a0b1-6846-ba5d05aa49d8" executionId="3685782f-16a9-46d9-82c9-0e2ff66e6c0f" testListId="8c84fa94-04c1-424b-9868-57a2d4851a1d" />
  </TestEntries>
  <TestLists>
    <TestList name="Results Not in a List" id="8c84fa94-04c1-424b-9868-57a2d4851a1d" />
    <TestList name="All Loaded Results" id="19431567-8539-422a-85d7-44ee4e166bda" />
  </TestLists>
  <ResultSummary outcome="Failed">
    <Counters total="2" executed="2" passed="0" failed="2" error="0" timeout="0" aborted="0" inconclusive="0" passedButRunAborted="0" notRunnable="0" notExecuted="0" disconnected="0" warning="0" completed="0" inProgress="0" pending="0" />
    <Output>
      <StdOut>[xUnit.net 00:00:00.00] xUnit.net VSTest Adapter v2.4.1 (64-bit .NET Core 3.0.0)
[xUnit.net 00:00:00.60]   Discovering: StacklServiceTests
[xUnit.net 00:00:00.64]   Discovered:  StacklServiceTests
[xUnit.net 00:00:00.65]   Starting:    StacklServiceTests
[xUnit.net 00:00:00.72]       System.NullReferenceException : Object reference not set to an instance of an object.
[xUnit.net 00:00:00.73]       System.NullReferenceException : Object reference not set to an instance of an object.
[xUnit.net 00:00:00.74]   Finished:    StacklServiceTests
</StdOut>
    </Output>
    <RunInfos>
      <RunInfo computerName="kogn" outcome="Error" timestamp="2019-11-14T15:00:35.3094792+01:00">
        <Text>[xUnit.net 00:00:00.72]     StacklServiceTests.CommentControllerTest.GetPost_InvalidId_NotFound [FAIL]</Text>
      </RunInfo>
      <RunInfo computerName="kogn" outcome="Error" timestamp="2019-11-14T15:00:35.3247362+01:00">
        <Text>[xUnit.net 00:00:00.73]     StacklServiceTests.CommentControllerTest.PostPost_ValidPost_Created [FAIL]</Text>
      </RunInfo>
    </RunInfos>
  </ResultSummary>
</TestRun>