<?xml version="1.0" encoding="utf-8"?>
<TestRun id="0c27799a-7d4c-4dc5-91ad-9e115a52e47e" name="@kogn 2019-11-14 15:00:13" xmlns="http://microsoft.com/schemas/VisualStudio/TeamTest/2010">
  <Times creation="2019-11-14T15:00:13.0539403+01:00" queuing="2019-11-14T15:00:13.0539405+01:00" start="2019-11-14T15:00:11.5679082+01:00" finish="2019-11-14T15:00:13.0787894+01:00" />
  <TestSettings name="default" id="2abe801b-3290-4af9-a07b-12452d0613ef">
    <Deployment runDeploymentRoot="_kogn_2019-11-14_15_00_13" />
  </TestSettings>
  <Results>
    <UnitTestResult executionId="15f224cf-fef9-4ecd-bf55-c6aa4d2554b1" testId="4392970b-2c5e-a0b1-6846-ba5d05aa49d8" testName="StacklServiceTests.CommentControllerTest.GetPost_InvalidId_NotFound" computerName="kogn" duration="00:00:00.0010000" startTime="2019-11-14T15:00:12.8581074+01:00" endTime="2019-11-14T15:00:12.8582032+01:00" testType="13cdc9d9-ddb5-4fa4-a97d-d965ccfc6d4b" outcome="Failed" testListId="8c84fa94-04c1-424b-9868-57a2d4851a1d" relativeResultsDirectory="15f224cf-fef9-4ecd-bf55-c6aa4d2554b1">
      <Output>
        <ErrorInfo>
          <Message>System.NotImplementedException : The method or operation is not implemented.</Message>
          <StackTrace>   at StacklServiceTests.CommentControllerTest.InitializeAsync() in /home/kristian/ruc/portfolio/subproject2/stackl/StacklServiceTests/Tests/CommentControllerTest_WithAuth.cs:line 17</StackTrace>
        </ErrorInfo>
      </Output>
    </UnitTestResult>
    <UnitTestResult executionId="009faacf-7c13-4e83-b5b7-d856700540b2" testId="05f7c260-64b9-b72c-9ad6-e47dbb32ff84" testName="StacklServiceTests.CommentControllerTest.PostPost_ValidPost_Created" computerName="kogn" duration="00:00:00.0010000" startTime="2019-11-14T15:00:12.8649690+01:00" endTime="2019-11-14T15:00:12.8649698+01:00" testType="13cdc9d9-ddb5-4fa4-a97d-d965ccfc6d4b" outcome="Failed" testListId="8c84fa94-04c1-424b-9868-57a2d4851a1d" relativeResultsDirectory="009faacf-7c13-4e83-b5b7-d856700540b2">
      <Output>
        <ErrorInfo>
          <Message>System.NotImplementedException : The method or operation is not implemented.</Message>
          <StackTrace>   at StacklServiceTests.CommentControllerTest.InitializeAsync() in /home/kristian/ruc/portfolio/subproject2/stackl/StacklServiceTests/Tests/CommentControllerTest_WithAuth.cs:line 17</StackTrace>
        </ErrorInfo>
      </Output>
    </UnitTestResult>
  </Results>
  <TestDefinitions>
    <UnitTest name="StacklServiceTests.CommentControllerTest.PostPost_ValidPost_Created" storage="/home/kristian/ruc/portfolio/subproject2/stackl/stacklservicetests/bin/debug/netcoreapp3.0/stacklservicetests.dll" id="05f7c260-64b9-b72c-9ad6-e47dbb32ff84">
      <Execution id="009faacf-7c13-4e83-b5b7-d856700540b2" />
      <TestMethod codeBase="/home/kristian/ruc/portfolio/subproject2/stackl/StacklServiceTests/bin/Debug/netcoreapp3.0/StacklServiceTests.dll" adapterTypeName="executor://xunit/VsTestRunner2/netcoreapp" className="StacklServiceTests.CommentControllerTest" name="StacklServiceTests.CommentControllerTest.PostPost_ValidPost_Created" />
    </UnitTest>
    <UnitTest name="StacklServiceTests.CommentControllerTest.GetPost_InvalidId_NotFound" storage="/home/kristian/ruc/portfolio/subproject2/stackl/stacklservicetests/bin/debug/netcoreapp3.0/stacklservicetests.dll" id="4392970b-2c5e-a0b1-6846-ba5d05aa49d8">
      <Execution id="15f224cf-fef9-4ecd-bf55-c6aa4d2554b1" />
      <TestMethod codeBase="/home/kristian/ruc/portfolio/subproject2/stackl/StacklServiceTests/bin/Debug/netcoreapp3.0/StacklServiceTests.dll" adapterTypeName="executor://xunit/VsTestRunner2/netcoreapp" className="StacklServiceTests.CommentControllerTest" name="StacklServiceTests.CommentControllerTest.GetPost_InvalidId_NotFound" />
    </UnitTest>
  </TestDefinitions>
  <TestEntries>
    <TestEntry testId="4392970b-2c5e-a0b1-6846-ba5d05aa49d8" executionId="15f224cf-fef9-4ecd-bf55-c6aa4d2554b1" testListId="8c84fa94-04c1-424b-9868-57a2d4851a1d" />
    <TestEntry testId="05f7c260-64b9-b72c-9ad6-e47dbb32ff84" executionId="009faacf-7c13-4e83-b5b7-d856700540b2" testListId="8c84fa94-04c1-424b-9868-57a2d4851a1d" />
  </TestEntries>
  <TestLists>
    <TestList name="Results Not in a List" id="8c84fa94-04c1-424b-9868-57a2d4851a1d" />
    <TestList name="All Loaded Results" id="19431567-8539-422a-85d7-44ee4e166bda" />
  </TestLists>
  <ResultSummary outcome="Failed">
    <Counters total="2" executed="2" passed="0" failed="2" error="0" timeout="0" aborted="0" inconclusive="0" passedButRunAborted="0" notRunnable="0" notExecuted="0" disconnected="0" warning="0" completed="0" inProgress="0" pending="0" />
    <Output>
      <StdOut>[xUnit.net 00:00:00.00] xUnit.net VSTest Adapter v2.4.1 (64-bit .NET Core 3.0.0)
[xUnit.net 00:00:00.62]   Discovering: StacklServiceTests
[xUnit.net 00:00:00.68]   Discovered:  StacklServiceTests
[xUnit.net 00:00:00.68]   Starting:    StacklServiceTests
[xUnit.net 00:00:00.77]       System.NotImplementedException : The method or operation is not implemented.
[xUnit.net 00:00:00.78]       Stack Trace:
[xUnit.net 00:00:00.78]         /home/kristian/ruc/portfolio/subproject2/stackl/StacklServiceTests/Tests/CommentControllerTest_WithAuth.cs(17,0): at StacklServiceTests.CommentControllerTest.InitializeAsync()
[xUnit.net 00:00:00.79]       System.NotImplementedException : The method or operation is not implemented.
[xUnit.net 00:00:00.79]       Stack Trace:
[xUnit.net 00:00:00.79]         /home/kristian/ruc/portfolio/subproject2/stackl/StacklServiceTests/Tests/CommentControllerTest_WithAuth.cs(17,0): at StacklServiceTests.CommentControllerTest.InitializeAsync()
[xUnit.net 00:00:00.79]   Finished:    StacklServiceTests
</StdOut>
    </Output>
    <RunInfos>
      <RunInfo computerName="kogn" outcome="Error" timestamp="2019-11-14T15:00:12.8547513+01:00">
        <Text>[xUnit.net 00:00:00.77]     StacklServiceTests.CommentControllerTest.GetPost_InvalidId_NotFound [FAIL]</Text>
      </RunInfo>
      <RunInfo computerName="kogn" outcome="Error" timestamp="2019-11-14T15:00:12.8818990+01:00">
        <Text>[xUnit.net 00:00:00.79]     StacklServiceTests.CommentControllerTest.PostPost_ValidPost_Created [FAIL]</Text>
      </RunInfo>
    </RunInfos>
  </ResultSummary>
</TestRun>